{
  "stats": {
    "suites": 1,
    "tests": 1,
    "passes": 1,
    "pending": 0,
    "failures": 0,
    "start": "2021-11-10T12:22:29.425Z",
    "end": "2021-11-10T12:23:00.381Z",
    "duration": 30956,
    "testsRegistered": 1,
    "passPercent": 100,
    "pendingPercent": 0,
    "other": 0,
    "hasOther": false,
    "skipped": 0,
    "hasSkipped": false
  },
  "results": [
    {
      "uuid": "2d6aa4bf-3295-4d20-add6-95a74f926c14",
      "title": "",
      "fullFile": "cypress/integration/examples/Test1.js",
      "file": "cypress/integration/examples/Test1.js",
      "beforeHooks": [],
      "afterHooks": [],
      "tests": [],
      "suites": [
        {
          "uuid": "5b896035-9d29-471e-b39f-431646d1a229",
          "title": "My First Test Suite",
          "fullFile": "",
          "file": "",
          "beforeHooks": [],
          "afterHooks": [],
          "tests": [
            {
              "title": "My FirstTest case",
              "fullTitle": "My First Test Suite My FirstTest case",
              "timedOut": null,
              "duration": 21512,
              "state": "passed",
              "speed": "slow",
              "pass": true,
              "fail": false,
              "pending": false,
              "context": null,
              "code": "cy.visit(\"https://rahulshettyacademy.com/seleniumPractise/#/\");\ncy.get('.search-keyword').type('ca');\ncy.wait(2000); //selenium get hit url in browser, cypress get acts like findElement of selenium\ncy.get('.product').should('have.length', 5);\ncy.get('.product:visible').should('have.length', 4); //Parent child chaining\ncy.get('.products').as('productLocator');\ncy.get('@productLocator').find('.product').should('have.length', 4);\ncy.get(':nth-child(3) > .product-action > button').click();\ncy.get('@productLocator').find('.product').eq(2).contains('ADD TO CART').click().then(function () {\n  console.log('sf');\n});\ncy.get('@productLocator').find('.product').each(function ($el, index, $list) {\n  var textVeg = $el.find('h4.product-name').text();\n  if (textVeg.includes('Cashews')) {\n    $el.find('button').click();\n  }\n}); //assert if logo text is correctly displayed\ncy.get('.brand').should('have.text', 'GREENKART'); //this is to print in logs\ncy.get('.brand').then(function (logoelement) {\n  cy.log(logoelement.text());\n}); //const logo=cy.get('.brand')\n//cy.log(cy.get('.brand').text())\n// cy.log(logo.text())\n//fixture",
              "err": {},
              "uuid": "688b44b8-8c6b-42ea-ad9f-9887c7ffe9a5",
              "parentUUID": "5b896035-9d29-471e-b39f-431646d1a229",
              "isHook": false,
              "skipped": false
            }
          ],
          "suites": [],
          "passes": [
            "688b44b8-8c6b-42ea-ad9f-9887c7ffe9a5"
          ],
          "failures": [],
          "pending": [],
          "skipped": [],
          "duration": 21512,
          "root": false,
          "rootEmpty": false,
          "_timeout": 2000
        }
      ],
      "passes": [],
      "failures": [],
      "pending": [],
      "skipped": [],
      "duration": 0,
      "root": true,
      "rootEmpty": true,
      "_timeout": 2000
    }
  ],
  "meta": {
    "mocha": {
      "version": "7.0.1"
    },
    "mochawesome": {
      "options": {
        "quiet": false,
        "reportFilename": "mochawesome",
        "saveHtml": true,
        "saveJson": true,
        "consoleReporter": "spec",
        "useInlineDiffs": false,
        "code": true
      },
      "version": "7.0.1"
    },
    "marge": {
      "options": null,
      "version": "6.0.1"
    }
  }
}